0 info it worked if it ends with ok
1 verbose cli [ '/usr/local/bin/node', '/usr/local/bin/npm', 'publish' ]
2 info using npm@3.6.0
3 info using node@v5.7.0
4 verbose publish [ '.' ]
5 silly cache add args [ '.', null ]
6 verbose cache add spec .
7 silly cache add parsed spec Result {
7 silly cache add   raw: '.',
7 silly cache add   scope: null,
7 silly cache add   name: null,
7 silly cache add   rawSpec: '.',
7 silly cache add   spec: '/Users/semianchuk/ideaProject/morris/angular-chart-morris',
7 silly cache add   type: 'directory' }
8 verbose addLocalDirectory /Users/semianchuk/.npm/angular-chart-morris/2.1.3/package.tgz not in flight; packing
9 verbose correctMkdir /Users/semianchuk/.npm correctMkdir not in flight; initializing
10 info lifecycle angular-chart-morris@2.1.3~prepublish: angular-chart-morris@2.1.3
11 silly lifecycle angular-chart-morris@2.1.3~prepublish: no script for prepublish, continuing
12 verbose tar pack [ '/Users/semianchuk/.npm/angular-chart-morris/2.1.3/package.tgz',
12 verbose tar pack   '/Users/semianchuk/ideaProject/morris/angular-chart-morris' ]
13 verbose tarball /Users/semianchuk/.npm/angular-chart-morris/2.1.3/package.tgz
14 verbose folder /Users/semianchuk/ideaProject/morris/angular-chart-morris
15 verbose addLocalTarball adding from inside cache /Users/semianchuk/.npm/angular-chart-morris/2.1.3/package.tgz
16 verbose correctMkdir /Users/semianchuk/.npm correctMkdir not in flight; initializing
17 silly cache afterAdd angular-chart-morris@2.1.3
18 verbose afterAdd /Users/semianchuk/.npm/angular-chart-morris/2.1.3/package/package.json not in flight; writing
19 verbose correctMkdir /Users/semianchuk/.npm correctMkdir not in flight; initializing
20 verbose afterAdd /Users/semianchuk/.npm/angular-chart-morris/2.1.3/package/package.json written
21 silly publish { name: 'angular-chart-morris',
21 silly publish   version: '2.1.3',
21 silly publish   description: '[![Build Status](https://travis-ci.org/st1s/angular-morris.svg)](https://travis-ci.org/st1s/angular-morris) [![Commitizen friendly](https://img.shields.io/badge/commitizen-friendly-brightgreen.svg)](http://commitizen.github.io/cz-cli/)',
21 silly publish   main: 'build/angular-chart-morris.min.js',
21 silly publish   dependencies: {},
21 silly publish   devDependencies: {},
21 silly publish   scripts: { test: 'echo "Error: no test specified" && exit 1' },
21 silly publish   repository:
21 silly publish    { type: 'git',
21 silly publish      url: 'git+https://github.com/fix2015/angular-chart-morris.git' },
21 silly publish   keywords: [ 'morris' ],
21 silly publish   author: { name: 'fix2015', email: 'fix20152@gmail.com' },
21 silly publish   license: 'MIT',
21 silly publish   readme: '## angular-morris\n\n\nEasy use of morris.js with angular.js\n\n## Install\nInstall `angular-chart-morris` through npm. \n\n\n## License\nMIT',
21 silly publish   readmeFilename: 'README.md',
21 silly publish   gitHead: '8f55fc104cfad55c9d7af5247095587a404abff2',
21 silly publish   bugs: { url: 'https://github.com/fix2015/angular-chart-morris/issues' },
21 silly publish   homepage: 'https://github.com/fix2015/angular-chart-morris#readme',
21 silly publish   _id: 'angular-chart-morris@2.1.3',
21 silly publish   _shasum: '0c05b9cf24de8be992e16fdeffa6d20a470ac96d',
21 silly publish   _from: '.' }
22 verbose getPublishConfig undefined
23 silly mapToRegistry name angular-chart-morris
24 silly mapToRegistry using default registry
25 silly mapToRegistry registry https://registry.npmjs.org/
26 silly mapToRegistry uri https://registry.npmjs.org/angular-chart-morris
27 verbose publish registryBase https://registry.npmjs.org/
28 silly publish uploading /Users/semianchuk/.npm/angular-chart-morris/2.1.3/package.tgz
29 verbose request uri https://registry.npmjs.org/angular-chart-morris
30 verbose request sending authorization for write operation
31 info attempt registry request try #1 at 1:06:06 AM
32 verbose request using bearer token for auth
33 verbose request id b4ad0da40487d6ae
34 http request PUT https://registry.npmjs.org/angular-chart-morris
35 http 403 https://registry.npmjs.org/angular-chart-morris
36 verbose headers { 'content-type': 'application/json',
36 verbose headers   'cache-control': 'max-age=300',
36 verbose headers   'content-length': '95',
36 verbose headers   'accept-ranges': 'bytes',
36 verbose headers   date: 'Fri, 23 Dec 2016 23:06:07 GMT',
36 verbose headers   via: '1.1 varnish',
36 verbose headers   connection: 'keep-alive',
36 verbose headers   'x-served-by': 'cache-bma7022-BMA',
36 verbose headers   'x-cache': 'MISS',
36 verbose headers   'x-cache-hits': '0',
36 verbose headers   'x-timer': 'S1482534366.613463,VS0,VE1318',
36 verbose headers   vary: 'Accept-Encoding' }
37 verbose request invalidating /Users/semianchuk/.npm/registry.npmjs.org/angular-chart-morris on PUT
38 error publish Failed PUT 403
39 verbose stack Error: "You cannot publish over the previously published version 2.1.3." : angular-chart-morris
39 verbose stack     at makeError (/usr/local/lib/node_modules/npm/node_modules/npm-registry-client/lib/request.js:264:12)
39 verbose stack     at CachingRegistryClient.<anonymous> (/usr/local/lib/node_modules/npm/node_modules/npm-registry-client/lib/request.js:252:14)
39 verbose stack     at Request._callback (/usr/local/lib/node_modules/npm/node_modules/npm-registry-client/lib/request.js:172:14)
39 verbose stack     at Request.self.callback (/usr/local/lib/node_modules/npm/node_modules/request/request.js:198:22)
39 verbose stack     at emitTwo (events.js:100:13)
39 verbose stack     at Request.emit (events.js:185:7)
39 verbose stack     at Request.<anonymous> (/usr/local/lib/node_modules/npm/node_modules/request/request.js:1035:10)
39 verbose stack     at emitOne (events.js:95:20)
39 verbose stack     at Request.emit (events.js:182:7)
39 verbose stack     at IncomingMessage.<anonymous> (/usr/local/lib/node_modules/npm/node_modules/request/request.js:962:12)
40 verbose statusCode 403
41 verbose pkgid angular-chart-morris
42 verbose cwd /Users/semianchuk/ideaProject/morris/angular-chart-morris
43 error Darwin 15.5.0
44 error argv "/usr/local/bin/node" "/usr/local/bin/npm" "publish"
45 error node v5.7.0
46 error npm  v3.6.0
47 error code E403
48 error "You cannot publish over the previously published version 2.1.3." : angular-chart-morris
49 error If you need help, you may report this error at:
49 error     <https://github.com/npm/npm/issues>
50 verbose exit [ 1, true ]
